Using pre-set license
Built from '2020.3/staging' branch; Version is '2020.3.29f1 (2ff179115da0) revision 3142009'; Using compiler version '192528614'; Build Type 'Release'
OS: 'Windows 10  (10.0.19042) 64bit CoreSingleLanguage' Language: 'ru' Physical Memory: 16309 MB
BatchMode: 1, IsHumanControllingUs: 0, StartBugReporterOnCrash: 0, Is64bit: 1, IsPro: 0

COMMAND LINE ARGUMENTS:
F:\Egor\Unity\2020.3.29f1\Editor\Unity.exe
-adb2
-batchMode
-noUpm
-name
AssetImportWorker0
-projectPath
E:/Study/111
-logFile
Logs/AssetImportWorker0.log
-srvPort
27221
Successfully changed project path to: E:/Study/111
E:/Study/111
Using Asset Import Pipeline V2.
Refreshing native plugins compatible for Editor in 42.10 ms, found 3 plugins.
Preloading 0 native plugins for Editor in 0.00 ms.
Initialize engine version: 2020.3.29f1 (2ff179115da0)
[Subsystems] Discovering subsystems at path F:/Egor/Unity/2020.3.29f1/Editor/Data/Resources/UnitySubsystems
[Subsystems] Discovering subsystems at path E:/Study/111/Assets
GfxDevice: creating device client; threaded=0
Direct3D:
    Version:  Direct3D 11.0 [level 11.1]
    Renderer: NVIDIA GeForce GTX 1060 6GB (ID=0x1c03)
    Vendor:   
    VRAM:     6052 MB
    Driver:   27.21.14.5671
Initialize mono
Mono path[0] = 'F:/Egor/Unity/2020.3.29f1/Editor/Data/Managed'
Mono path[1] = 'F:/Egor/Unity/2020.3.29f1/Editor/Data/MonoBleedingEdge/lib/mono/unityjit'
Mono config path = 'F:/Egor/Unity/2020.3.29f1/Editor/Data/MonoBleedingEdge/etc'
Using monoOptions --debugger-agent=transport=dt_socket,embedding=1,server=y,suspend=n,address=127.0.0.1:56720
Begin MonoManager ReloadAssembly
Registering precompiled unity dll's ...
Register platform support module: F:/Egor/Unity/2020.3.29f1/Editor/Data/PlaybackEngines/WebGLSupport/UnityEditor.WebGL.Extensions.dll
Register platform support module: F:/Egor/Unity/2020.3.29f1/Editor/Data/PlaybackEngines/WindowsStandaloneSupport/UnityEditor.WindowsStandalone.Extensions.dll
Registered in 0.002736 seconds.
Native extension for WindowsStandalone target not found
Native extension for WebGL target not found
Refreshing native plugins compatible for Editor in 42.27 ms, found 3 plugins.
Preloading 0 native plugins for Editor in 0.00 ms.
Mono: successfully reloaded assembly
- Completed reload, in  0.489 seconds
Domain Reload Profiling:
	ReloadAssembly (489ms)
		BeginReloadAssembly (55ms)
			ExecutionOrderSort (0ms)
			DisableScriptedObjects (0ms)
			BackupInstance (0ms)
			ReleaseScriptingObjects (0ms)
			CreateAndSetChildDomain (1ms)
		EndReloadAssembly (371ms)
			LoadAssemblies (54ms)
			RebuildTransferFunctionScriptingTraits (0ms)
			SetupTypeCache (116ms)
			ReleaseScriptCaches (0ms)
			RebuildScriptCaches (24ms)
			SetupLoadedEditorAssemblies (137ms)
				LogAssemblyErrors (0ms)
				InitializePlatformSupportModulesInManaged (4ms)
				SetLoadedEditorAssemblies (0ms)
				RefreshPlugins (42ms)
				BeforeProcessingInitializeOnLoad (6ms)
				ProcessInitializeOnLoadAttributes (62ms)
				ProcessInitializeOnLoadMethodAttributes (21ms)
				AfterProcessingInitializeOnLoad (0ms)
				EditorAssembliesLoaded (0ms)
			ExecutionOrderSort2 (0ms)
			AwakeInstancesAfterBackupRestoration (0ms)
Platform modules already initialized, skipping
Registering precompiled user dll's ...
Registered in 0.003242 seconds.
Begin MonoManager ReloadAssembly
Native extension for WindowsStandalone target not found
Native extension for WebGL target not found
Refreshing native plugins compatible for Editor in 40.38 ms, found 3 plugins.
Preloading 0 native plugins for Editor in 0.00 ms.
Mono: successfully reloaded assembly
- Completed reload, in  0.913 seconds
Domain Reload Profiling:
	ReloadAssembly (914ms)
		BeginReloadAssembly (131ms)
			ExecutionOrderSort (0ms)
			DisableScriptedObjects (4ms)
			BackupInstance (0ms)
			ReleaseScriptingObjects (0ms)
			CreateAndSetChildDomain (17ms)
		EndReloadAssembly (728ms)
			LoadAssemblies (87ms)
			RebuildTransferFunctionScriptingTraits (0ms)
			SetupTypeCache (229ms)
			ReleaseScriptCaches (0ms)
			RebuildScriptCaches (39ms)
			SetupLoadedEditorAssemblies (276ms)
				LogAssemblyErrors (0ms)
				InitializePlatformSupportModulesInManaged (3ms)
				SetLoadedEditorAssemblies (0ms)
				RefreshPlugins (40ms)
				BeforeProcessingInitializeOnLoad (63ms)
				ProcessInitializeOnLoadAttributes (149ms)
				ProcessInitializeOnLoadMethodAttributes (13ms)
				AfterProcessingInitializeOnLoad (7ms)
				EditorAssembliesLoaded (0ms)
			ExecutionOrderSort2 (0ms)
			AwakeInstancesAfterBackupRestoration (5ms)
Platform modules already initialized, skipping
========================================================================
Worker process is ready to serve import requests
Launched and connected shader compiler UnityShaderCompiler.exe after 0.05 seconds
Refreshing native plugins compatible for Editor in 0.59 ms, found 3 plugins.
Preloading 0 native plugins for Editor in 0.00 ms.
Unloading 2202 Unused Serialized files (Serialized files now loaded: 0)
System memory in use before: 96.0 MB.
System memory in use after: 96.0 MB.

Unloading 31 unused Assets to reduce memory usage. Loaded Objects now: 2634.
Total: 3.083100 ms (FindLiveObjects: 0.189400 ms CreateObjectMapping: 0.049900 ms MarkObjects: 2.715200 ms  DeleteObjects: 0.127800 ms)

AssetImportParameters requested are different than current active one (requested -> active):
  custom:framework-win-MediaFoundation: 216162199b28c13a410421893ffa2e32 -> 
  custom:video-decoder-ogg-theora: a1e56fd34408186e4bbccfd4996cb3dc -> 
  custom:container-muxer-webm: aa71ff27fc2769a1b78a27578f13a17b -> 
  custom:container-demuxer-webm: 4f35f7cbe854078d1ac9338744f61a02 -> 
  custom:container-demuxer-ogg: 62fdf1f143b41e24485cea50d1cbac27 -> 
  custom:video-encoder-webm-vp8: eb34c28f22e8b96e1ab97ce403110664 -> 
  custom:video-codec-MediaFoundation-h265: 746d11721c4dcdbdad8f713fa42b33f4 -> 
  custom:video-decoder-webm-vp8: 9c59270c3fd7afecdb556c50c9e8de78 -> 
  custom:audio-decoder-ogg-vorbis: bf7c407c2cedff20999df2af8eb42d56 -> 
  custom:audio-encoder-webm-vorbis: bf7c407c2cedff20999df2af8eb42d56 -> 
========================================================================
Received Import Request.
  path: Assets/Materials/Platformer/Level Design/pngegg.png
  artifactKey: Guid(0e61133a8ea496b4fa1afe137a835727) Importer(815301076,1909f56bfc062723c751e8b465ee728b)
Start importing Assets/Materials/Platformer/Level Design/pngegg.png using Guid(0e61133a8ea496b4fa1afe137a835727) Importer(815301076,1909f56bfc062723c751e8b465ee728b)  -> (artifact id: 'f38151fa419036c559076fcd151d28e3') in 0.081869 seconds 
  Import took 0.084853 seconds .

========================================================================
Received Import Request.
  Time since last request: 19.846271 seconds.
  path: Assets/Materials/Platformer/Level Design/pngegg.png
  artifactKey: Guid(0e61133a8ea496b4fa1afe137a835727) Importer(815301076,1909f56bfc062723c751e8b465ee728b)
Start importing Assets/Materials/Platformer/Level Design/pngegg.png using Guid(0e61133a8ea496b4fa1afe137a835727) Importer(815301076,1909f56bfc062723c751e8b465ee728b)  -> (artifact id: 'bfaeea92ebb6ecf96f94ed4d87c6864a') in 0.009874 seconds 
  Import took 0.013081 seconds .

========================================================================
Received Import Request.
  Time since last request: 3.662951 seconds.
  path: Assets/Materials/Platformer/Level Design/pngegg.png
  artifactKey: Guid(0e61133a8ea496b4fa1afe137a835727) Importer(815301076,1909f56bfc062723c751e8b465ee728b)
Start importing Assets/Materials/Platformer/Level Design/pngegg.png using Guid(0e61133a8ea496b4fa1afe137a835727) Importer(815301076,1909f56bfc062723c751e8b465ee728b)  -> (artifact id: 'e02d8138da4ce2c3603d76b20c09d724') in 0.009125 seconds 
  Import took 0.012228 seconds .

========================================================================
Received Import Request.
  Time since last request: 3.936732 seconds.
  path: Assets/Materials/Platformer/Level Design/pngegg.png
  artifactKey: Guid(0e61133a8ea496b4fa1afe137a835727) Importer(815301076,1909f56bfc062723c751e8b465ee728b)
Start importing Assets/Materials/Platformer/Level Design/pngegg.png using Guid(0e61133a8ea496b4fa1afe137a835727) Importer(815301076,1909f56bfc062723c751e8b465ee728b)  -> (artifact id: '3007ef2f1c1d42e87b6abeaf66d8122c') in 0.009590 seconds 
  Import took 0.012773 seconds .

========================================================================
Received Import Request.
  Time since last request: 30.359867 seconds.
  path: Assets/Materials/Platformer/Level Design/pngegg.png
  artifactKey: Guid(0e61133a8ea496b4fa1afe137a835727) Importer(815301076,1909f56bfc062723c751e8b465ee728b)
Start importing Assets/Materials/Platformer/Level Design/pngegg.png using Guid(0e61133a8ea496b4fa1afe137a835727) Importer(815301076,1909f56bfc062723c751e8b465ee728b)  -> (artifact id: '86049c59a4594972851bf69705f84a9b') in 0.008209 seconds 
  Import took 0.011575 seconds .

========================================================================
Received Import Request.
  Time since last request: 50.256189 seconds.
  path: Assets/Materials/Platformer/Level Design/pngegg.png
  artifactKey: Guid(0e61133a8ea496b4fa1afe137a835727) Importer(815301076,1909f56bfc062723c751e8b465ee728b)
Start importing Assets/Materials/Platformer/Level Design/pngegg.png using Guid(0e61133a8ea496b4fa1afe137a835727) Importer(815301076,1909f56bfc062723c751e8b465ee728b)  -> (artifact id: '22e323875bdf9588ea7949595f15d37c') in 0.076454 seconds 
  Import took 0.079647 seconds .

========================================================================
Received Import Request.
  Time since last request: 131.885458 seconds.
  path: Assets/Materials/Platformer/Level Design/Tile.prefab
  artifactKey: Guid(1eca45652cd8f7f4a8586b37bad7f332) Importer(815301076,1909f56bfc062723c751e8b465ee728b)
Start importing Assets/Materials/Platformer/Level Design/Tile.prefab using Guid(1eca45652cd8f7f4a8586b37bad7f332) Importer(815301076,1909f56bfc062723c751e8b465ee728b)  -> (artifact id: 'd6662dfcd44605ad6e265fbce9ce1969') in 0.034656 seconds 
  Import took 0.038043 seconds .

========================================================================
Received Import Request.
  Time since last request: 19.952205 seconds.
  path: Assets/Materials/Platformer/Level Design/pngegg_0.asset
  artifactKey: Guid(aebe15363f5d28b4e9364f063bc65876) Importer(815301076,1909f56bfc062723c751e8b465ee728b)
Start importing Assets/Materials/Platformer/Level Design/pngegg_0.asset using Guid(aebe15363f5d28b4e9364f063bc65876) Importer(815301076,1909f56bfc062723c751e8b465ee728b)  -> (artifact id: 'e8107e0f030eae8edcc1682f81307934') in 0.019347 seconds 
  Import took 0.022898 seconds .

========================================================================
Received Import Request.
  Time since last request: 0.000279 seconds.
  path: Assets/Materials/Platformer/Level Design/pngegg_16.asset
  artifactKey: Guid(f312820d5708fb2419bbbadce1ff8724) Importer(815301076,1909f56bfc062723c751e8b465ee728b)
Start importing Assets/Materials/Platformer/Level Design/pngegg_16.asset using Guid(f312820d5708fb2419bbbadce1ff8724) Importer(815301076,1909f56bfc062723c751e8b465ee728b)  -> (artifact id: '7a26fc723a48f72a95d760377d9f786a') in 0.008841 seconds 
  Import took 0.014068 seconds .

========================================================================
Received Import Request.
  Time since last request: 0.000230 seconds.
  path: Assets/Materials/Platformer/Level Design/pngegg_25.asset
  artifactKey: Guid(147281a9d7dac0642a9cb116f2b2a14a) Importer(815301076,1909f56bfc062723c751e8b465ee728b)
Start importing Assets/Materials/Platformer/Level Design/pngegg_25.asset using Guid(147281a9d7dac0642a9cb116f2b2a14a) Importer(815301076,1909f56bfc062723c751e8b465ee728b)  -> (artifact id: '390bc4c34d62260b57b3ddc6e79e4cb7') in 0.008723 seconds 
  Import took 0.011871 seconds .

========================================================================
Received Import Request.
  Time since last request: 0.000198 seconds.
  path: Assets/Materials/Platformer/Level Design/pngegg_26.asset
  artifactKey: Guid(e0bd5cc23c35d0e40bd37123a5120205) Importer(815301076,1909f56bfc062723c751e8b465ee728b)
Start importing Assets/Materials/Platformer/Level Design/pngegg_26.asset using Guid(e0bd5cc23c35d0e40bd37123a5120205) Importer(815301076,1909f56bfc062723c751e8b465ee728b)  -> (artifact id: 'b9e89ae61086c65db2f2166148ed9ca4') in 0.009417 seconds 
  Import took 0.012421 seconds .

========================================================================
Received Import Request.
  Time since last request: 0.000198 seconds.
  path: Assets/Materials/Platformer/Level Design/pngegg_2.asset
  artifactKey: Guid(cad3c9ff01709da498c06d18815044d4) Importer(815301076,1909f56bfc062723c751e8b465ee728b)
Start importing Assets/Materials/Platformer/Level Design/pngegg_2.asset using Guid(cad3c9ff01709da498c06d18815044d4) Importer(815301076,1909f56bfc062723c751e8b465ee728b)  -> (artifact id: 'bed2a56c508c94c90facb08d0abed843') in 0.009440 seconds 
  Import took 0.012342 seconds .

========================================================================
Received Import Request.
  Time since last request: 0.000241 seconds.
  path: Assets/Materials/Platformer/Level Design/pngegg_1.asset
  artifactKey: Guid(745bd0390d286e04fb2609da888b6c8e) Importer(815301076,1909f56bfc062723c751e8b465ee728b)
Start importing Assets/Materials/Platformer/Level Design/pngegg_1.asset using Guid(745bd0390d286e04fb2609da888b6c8e) Importer(815301076,1909f56bfc062723c751e8b465ee728b)  -> (artifact id: 'eaabfc13190982d5e46cf924aff16cf2') in 0.009071 seconds 
  Import took 0.012421 seconds .

========================================================================
Received Import Request.
  Time since last request: 0.000265 seconds.
  path: Assets/Materials/Platformer/Level Design/pngegg_5.asset
  artifactKey: Guid(5d7a985509ea26a4ab132541ae5272db) Importer(815301076,1909f56bfc062723c751e8b465ee728b)
Start importing Assets/Materials/Platformer/Level Design/pngegg_5.asset using Guid(5d7a985509ea26a4ab132541ae5272db) Importer(815301076,1909f56bfc062723c751e8b465ee728b)  -> (artifact id: '1a7f934e815173fa4f17f1de15d14bfe') in 0.007945 seconds 
  Import took 0.011056 seconds .

========================================================================
Received Import Request.
  Time since last request: 0.000197 seconds.
  path: Assets/Materials/Platformer/Level Design/pngegg_12.asset
  artifactKey: Guid(6509ffc1ab06a9f4385307555be9045b) Importer(815301076,1909f56bfc062723c751e8b465ee728b)
Start importing Assets/Materials/Platformer/Level Design/pngegg_12.asset using Guid(6509ffc1ab06a9f4385307555be9045b) Importer(815301076,1909f56bfc062723c751e8b465ee728b)  -> (artifact id: '370eccef5832af092ebe85c1ad257e3b') in 0.009665 seconds 
  Import took 0.012659 seconds .

========================================================================
Received Import Request.
  Time since last request: 0.000216 seconds.
  path: Assets/Materials/Platformer/Level Design/pngegg_15.asset
  artifactKey: Guid(056749c4ef373aa4cb584cebf4d56aa6) Importer(815301076,1909f56bfc062723c751e8b465ee728b)
Start importing Assets/Materials/Platformer/Level Design/pngegg_15.asset using Guid(056749c4ef373aa4cb584cebf4d56aa6) Importer(815301076,1909f56bfc062723c751e8b465ee728b)  -> (artifact id: '7c13cf28352203cc9bd2848e74c07e08') in 0.011187 seconds 
  Import took 0.014463 seconds .

========================================================================
Received Import Request.
  Time since last request: 0.000218 seconds.
  path: Assets/Materials/Platformer/Level Design/pngegg_28.asset
  artifactKey: Guid(74fbb1ed268f6374d9dd14592df200ce) Importer(815301076,1909f56bfc062723c751e8b465ee728b)
Start importing Assets/Materials/Platformer/Level Design/pngegg_28.asset using Guid(74fbb1ed268f6374d9dd14592df200ce) Importer(815301076,1909f56bfc062723c751e8b465ee728b)  -> (artifact id: 'c003635f9d985c3b9a21d3dbe9d4d821') in 0.009499 seconds 
  Import took 0.012729 seconds .

========================================================================
Received Import Request.
  Time since last request: 0.000296 seconds.
  path: Assets/Materials/Platformer/Level Design/pngegg_3.asset
  artifactKey: Guid(4fdf9d575ca6c2145b5ed26a1beb2f01) Importer(815301076,1909f56bfc062723c751e8b465ee728b)
Start importing Assets/Materials/Platformer/Level Design/pngegg_3.asset using Guid(4fdf9d575ca6c2145b5ed26a1beb2f01) Importer(815301076,1909f56bfc062723c751e8b465ee728b)  -> (artifact id: '174c0ff8ed2c7782420fc68a0257a331') in 0.009112 seconds 
  Import took 0.012521 seconds .

========================================================================
Received Import Request.
  Time since last request: 0.000224 seconds.
  path: Assets/Materials/Platformer/Level Design/pngegg_11.asset
  artifactKey: Guid(c15b7c08bb6d8bb49ae036ae03102341) Importer(815301076,1909f56bfc062723c751e8b465ee728b)
Start importing Assets/Materials/Platformer/Level Design/pngegg_11.asset using Guid(c15b7c08bb6d8bb49ae036ae03102341) Importer(815301076,1909f56bfc062723c751e8b465ee728b)  -> (artifact id: 'aeac27e99c4d8923773f1f3ddb4c9734') in 0.008400 seconds 
  Import took 0.011411 seconds .

========================================================================
Received Import Request.
  Time since last request: 0.000304 seconds.
  path: Assets/Materials/Platformer/Level Design/pngegg_13.asset
  artifactKey: Guid(05adfa1f56e6a9245aad4cd5a9613ae2) Importer(815301076,1909f56bfc062723c751e8b465ee728b)
Start importing Assets/Materials/Platformer/Level Design/pngegg_13.asset using Guid(05adfa1f56e6a9245aad4cd5a9613ae2) Importer(815301076,1909f56bfc062723c751e8b465ee728b)  -> (artifact id: '17b8b65ad9029ec930f719f509d8a68f') in 0.009069 seconds 
  Import took 0.012982 seconds .

========================================================================
Received Import Request.
  Time since last request: 0.000230 seconds.
  path: Assets/Materials/Platformer/Level Design/pngegg_23.asset
  artifactKey: Guid(63d8f123339abed4da2b9426dd84b9ee) Importer(815301076,1909f56bfc062723c751e8b465ee728b)
Start importing Assets/Materials/Platformer/Level Design/pngegg_23.asset using Guid(63d8f123339abed4da2b9426dd84b9ee) Importer(815301076,1909f56bfc062723c751e8b465ee728b)  -> (artifact id: '72eb3d118672553b2084f4f69c534692') in 0.009726 seconds 
  Import took 0.012576 seconds .

========================================================================
Received Import Request.
  Time since last request: 0.000193 seconds.
  path: Assets/Materials/Platformer/Level Design/pngegg_19.asset
  artifactKey: Guid(e81190d9eafef3a44b02c001d4b0d80c) Importer(815301076,1909f56bfc062723c751e8b465ee728b)
Start importing Assets/Materials/Platformer/Level Design/pngegg_19.asset using Guid(e81190d9eafef3a44b02c001d4b0d80c) Importer(815301076,1909f56bfc062723c751e8b465ee728b)  -> (artifact id: '06137d8e0b82f4e5268e60c00a6f0142') in 0.009321 seconds 
  Import took 0.012184 seconds .

========================================================================
Received Import Request.
  Time since last request: 0.000269 seconds.
  path: Assets/Materials/Platformer/Level Design/pngegg_7.asset
  artifactKey: Guid(f61f2555a89deb4409bd134a1cc87363) Importer(815301076,1909f56bfc062723c751e8b465ee728b)
Start importing Assets/Materials/Platformer/Level Design/pngegg_7.asset using Guid(f61f2555a89deb4409bd134a1cc87363) Importer(815301076,1909f56bfc062723c751e8b465ee728b)  -> (artifact id: '97a809350b82163072596d255a4a4778') in 0.008492 seconds 
  Import took 0.014197 seconds .

========================================================================
Received Import Request.
  Time since last request: 0.000269 seconds.
  path: Assets/Materials/Platformer/Level Design/pngegg_8.asset
  artifactKey: Guid(2093b1461f7539a4b9c2bdcc0e5e266d) Importer(815301076,1909f56bfc062723c751e8b465ee728b)
Start importing Assets/Materials/Platformer/Level Design/pngegg_8.asset using Guid(2093b1461f7539a4b9c2bdcc0e5e266d) Importer(815301076,1909f56bfc062723c751e8b465ee728b)  -> (artifact id: '7f6cd62d970ddd6e651b33c3a6549b0c') in 0.008774 seconds 
  Import took 0.012387 seconds .

========================================================================
Received Import Request.
  Time since last request: 0.000206 seconds.
  path: Assets/Materials/Platformer/Level Design/pngegg_10.asset
  artifactKey: Guid(9e12f30402caea143b5abd4bf717827d) Importer(815301076,1909f56bfc062723c751e8b465ee728b)
Start importing Assets/Materials/Platformer/Level Design/pngegg_10.asset using Guid(9e12f30402caea143b5abd4bf717827d) Importer(815301076,1909f56bfc062723c751e8b465ee728b)  -> (artifact id: 'c115631f508efc0be66a11adcbebba8c') in 0.010108 seconds 
  Import took 0.013294 seconds .

========================================================================
Received Import Request.
  Time since last request: 0.000267 seconds.
  path: Assets/Materials/Platformer/Level Design/pngegg_24.asset
  artifactKey: Guid(1ccbe666fdc1b5f4cb7786d1e1ea5f7c) Importer(815301076,1909f56bfc062723c751e8b465ee728b)
Start importing Assets/Materials/Platformer/Level Design/pngegg_24.asset using Guid(1ccbe666fdc1b5f4cb7786d1e1ea5f7c) Importer(815301076,1909f56bfc062723c751e8b465ee728b)  -> (artifact id: 'f4a4200e53f38f4b79b5e8460cc07a6d') in 0.008635 seconds 
  Import took 0.012048 seconds .

========================================================================
Received Import Request.
  Time since last request: 0.000209 seconds.
  path: Assets/Materials/Platformer/Level Design/pngegg_17.asset
  artifactKey: Guid(4f065eeecf4557840aa5254b94827dcc) Importer(815301076,1909f56bfc062723c751e8b465ee728b)
Start importing Assets/Materials/Platformer/Level Design/pngegg_17.asset using Guid(4f065eeecf4557840aa5254b94827dcc) Importer(815301076,1909f56bfc062723c751e8b465ee728b)  -> (artifact id: '268db56ec07920f14aa0269584237290') in 0.009687 seconds 
  Import took 0.012629 seconds .

========================================================================
Received Import Request.
  Time since last request: 0.000227 seconds.
  path: Assets/Materials/Platformer/Level Design/pngegg_18.asset
  artifactKey: Guid(2f4d968ce5f2d1548aac7deb4b2b674a) Importer(815301076,1909f56bfc062723c751e8b465ee728b)
Start importing Assets/Materials/Platformer/Level Design/pngegg_18.asset using Guid(2f4d968ce5f2d1548aac7deb4b2b674a) Importer(815301076,1909f56bfc062723c751e8b465ee728b)  -> (artifact id: 'c88f8aab9769712fdb2003cd699a8134') in 0.011087 seconds 
  Import took 0.020823 seconds .

========================================================================
Received Import Request.
  Time since last request: 0.000212 seconds.
  path: Assets/Materials/Platformer/Level Design/pngegg_29.asset
  artifactKey: Guid(ce4d517cac9f4a5438bd8a03a3de8920) Importer(815301076,1909f56bfc062723c751e8b465ee728b)
Start importing Assets/Materials/Platformer/Level Design/pngegg_29.asset using Guid(ce4d517cac9f4a5438bd8a03a3de8920) Importer(815301076,1909f56bfc062723c751e8b465ee728b)  -> (artifact id: 'eb79828c91c3999da47366a9ebad6cfc') in 0.007839 seconds 
  Import took 0.010604 seconds .

========================================================================
Received Import Request.
  Time since last request: 0.000241 seconds.
  path: Assets/Materials/Platformer/Level Design/pngegg_30.asset
  artifactKey: Guid(9b1bcd4cc3182c2408eb4959072b51f0) Importer(815301076,1909f56bfc062723c751e8b465ee728b)
Start importing Assets/Materials/Platformer/Level Design/pngegg_30.asset using Guid(9b1bcd4cc3182c2408eb4959072b51f0) Importer(815301076,1909f56bfc062723c751e8b465ee728b)  -> (artifact id: 'cbd861e93b3e06e60bb3ff140bbea0ff') in 0.008551 seconds 
  Import took 0.011892 seconds .

========================================================================
Received Import Request.
  Time since last request: 0.000244 seconds.
  path: Assets/Materials/Platformer/Level Design/pngegg_6.asset
  artifactKey: Guid(d5655ef8358eee441b3acd298e0084ec) Importer(815301076,1909f56bfc062723c751e8b465ee728b)
Start importing Assets/Materials/Platformer/Level Design/pngegg_6.asset using Guid(d5655ef8358eee441b3acd298e0084ec) Importer(815301076,1909f56bfc062723c751e8b465ee728b)  -> (artifact id: 'f9f44c6334dd184dc05a22d200746f18') in 0.008294 seconds 
  Import took 0.011693 seconds .

========================================================================
Received Import Request.
  Time since last request: 0.000228 seconds.
  path: Assets/Materials/Platformer/Level Design/pngegg_4.asset
  artifactKey: Guid(d53be4e901e35714682da2f7cc36bf99) Importer(815301076,1909f56bfc062723c751e8b465ee728b)
Start importing Assets/Materials/Platformer/Level Design/pngegg_4.asset using Guid(d53be4e901e35714682da2f7cc36bf99) Importer(815301076,1909f56bfc062723c751e8b465ee728b)  -> (artifact id: 'f2585945d6e621b2166a52ef415aa845') in 0.010109 seconds 
  Import took 0.013400 seconds .

========================================================================
Received Import Request.
  Time since last request: 0.000240 seconds.
  path: Assets/Materials/Platformer/Level Design/pngegg_21.asset
  artifactKey: Guid(29c9a40960a4a824d9cbc524664ad96c) Importer(815301076,1909f56bfc062723c751e8b465ee728b)
Start importing Assets/Materials/Platformer/Level Design/pngegg_21.asset using Guid(29c9a40960a4a824d9cbc524664ad96c) Importer(815301076,1909f56bfc062723c751e8b465ee728b)  -> (artifact id: '7f30e0d25671b76d0a4bef846af2f295') in 0.009426 seconds 
  Import took 0.013069 seconds .

========================================================================
Received Import Request.
  Time since last request: 0.000251 seconds.
  path: Assets/Materials/Platformer/Level Design/Tile.prefab
  artifactKey: Guid(1eca45652cd8f7f4a8586b37bad7f332) Importer(815301076,1909f56bfc062723c751e8b465ee728b)
Start importing Assets/Materials/Platformer/Level Design/Tile.prefab using Guid(1eca45652cd8f7f4a8586b37bad7f332) Importer(815301076,1909f56bfc062723c751e8b465ee728b)  -> (artifact id: '4dbc1de3a3a78f569f9e73814e5773d1') in 0.019808 seconds 
  Import took 0.023216 seconds .

========================================================================
Received Import Request.
  Time since last request: 0.000217 seconds.
  path: Assets/Materials/Platformer/Level Design/pngegg_22.asset
  artifactKey: Guid(48265ee8ae89a0f49bccf76e9f4f29ff) Importer(815301076,1909f56bfc062723c751e8b465ee728b)
Start importing Assets/Materials/Platformer/Level Design/pngegg_22.asset using Guid(48265ee8ae89a0f49bccf76e9f4f29ff) Importer(815301076,1909f56bfc062723c751e8b465ee728b)  -> (artifact id: '399aa673781f44e2dfe9bd6fb3ec3026') in 0.010335 seconds 
  Import took 0.013444 seconds .

========================================================================
Received Import Request.
  Time since last request: 0.000213 seconds.
  path: Assets/Materials/Platformer/Level Design/pngegg_9.asset
  artifactKey: Guid(361d0938b363d4841bdb9501ef0275e1) Importer(815301076,1909f56bfc062723c751e8b465ee728b)
Start importing Assets/Materials/Platformer/Level Design/pngegg_9.asset using Guid(361d0938b363d4841bdb9501ef0275e1) Importer(815301076,1909f56bfc062723c751e8b465ee728b)  -> (artifact id: '9f85cdb84b61b0579b4df81e7b92e3c3') in 0.009597 seconds 
  Import took 0.012539 seconds .

========================================================================
Received Import Request.
  Time since last request: 0.000240 seconds.
  path: Assets/Materials/Platformer/Level Design/pngegg_27.asset
  artifactKey: Guid(c9945f4f1cf783a4589302acffc5b618) Importer(815301076,1909f56bfc062723c751e8b465ee728b)
Start importing Assets/Materials/Platformer/Level Design/pngegg_27.asset using Guid(c9945f4f1cf783a4589302acffc5b618) Importer(815301076,1909f56bfc062723c751e8b465ee728b)  -> (artifact id: 'f171b319fadfc3e69b7687c5482dd31f') in 0.010621 seconds 
  Import took 0.013473 seconds .

========================================================================
Received Import Request.
  Time since last request: 0.000248 seconds.
  path: Assets/Materials/Platformer/Level Design/pngegg_14.asset
  artifactKey: Guid(d212830a994d4bc4886eeea4b6b90c0a) Importer(815301076,1909f56bfc062723c751e8b465ee728b)
Start importing Assets/Materials/Platformer/Level Design/pngegg_14.asset using Guid(d212830a994d4bc4886eeea4b6b90c0a) Importer(815301076,1909f56bfc062723c751e8b465ee728b)  -> (artifact id: '61903303085939aac70e7bfcdfadd492') in 0.009855 seconds 
  Import took 0.018152 seconds .

========================================================================
Received Import Request.
  Time since last request: 0.000327 seconds.
  path: Assets/Materials/Platformer/Level Design/pngegg_20.asset
  artifactKey: Guid(a1cbea7ce9906914d8075aef3c6de712) Importer(815301076,1909f56bfc062723c751e8b465ee728b)
Start importing Assets/Materials/Platformer/Level Design/pngegg_20.asset using Guid(a1cbea7ce9906914d8075aef3c6de712) Importer(815301076,1909f56bfc062723c751e8b465ee728b)  -> (artifact id: '222a4ed13263495766a6b04ba77ea550') in 0.010262 seconds 
  Import took 0.013241 seconds .

========================================================================
Received Import Request.
  Time since last request: 255.325660 seconds.
  path: Assets/Materials/Platformer/Level Design/pngegg.png
  artifactKey: Guid(0e61133a8ea496b4fa1afe137a835727) Importer(815301076,1909f56bfc062723c751e8b465ee728b)
Start importing Assets/Materials/Platformer/Level Design/pngegg.png using Guid(0e61133a8ea496b4fa1afe137a835727) Importer(815301076,1909f56bfc062723c751e8b465ee728b)  -> (artifact id: '02971f10d38584c87d6605556b6c8136') in 0.061296 seconds 
  Import took 0.064707 seconds .

========================================================================
Received Import Request.
  Time since last request: 14.983675 seconds.
  path: Assets/Materials/Platformer/Level Design/pngegg.png
  artifactKey: Guid(0e61133a8ea496b4fa1afe137a835727) Importer(815301076,1909f56bfc062723c751e8b465ee728b)
Start importing Assets/Materials/Platformer/Level Design/pngegg.png using Guid(0e61133a8ea496b4fa1afe137a835727) Importer(815301076,1909f56bfc062723c751e8b465ee728b)  -> (artifact id: '0c1b8c0cb73e7df841c37be7d91c63b6') in 0.068677 seconds 
  Import took 0.071956 seconds .

========================================================================
Received Import Request.
  Time since last request: 6.045843 seconds.
  path: Assets/Materials/Platformer/Level Design/pngegg.png
  artifactKey: Guid(0e61133a8ea496b4fa1afe137a835727) Importer(815301076,1909f56bfc062723c751e8b465ee728b)
Start importing Assets/Materials/Platformer/Level Design/pngegg.png using Guid(0e61133a8ea496b4fa1afe137a835727) Importer(815301076,1909f56bfc062723c751e8b465ee728b)  -> (artifact id: '22668266a3e1683d47a16b35474f9850') in 0.092411 seconds 
  Import took 0.095631 seconds .

========================================================================
Received Import Request.
  Time since last request: 5.937871 seconds.
  path: Assets/Materials/Platformer/Level Design/pngegg.png
  artifactKey: Guid(0e61133a8ea496b4fa1afe137a835727) Importer(815301076,1909f56bfc062723c751e8b465ee728b)
Start importing Assets/Materials/Platformer/Level Design/pngegg.png using Guid(0e61133a8ea496b4fa1afe137a835727) Importer(815301076,1909f56bfc062723c751e8b465ee728b)  -> (artifact id: '8d0ee82083164ed9f6adb5aec1c9da39') in 0.083907 seconds 
  Import took 0.087230 seconds .

========================================================================
Received Import Request.
  Time since last request: 5.169760 seconds.
  path: Assets/Materials/Platformer/Level Design/pngegg.png
  artifactKey: Guid(0e61133a8ea496b4fa1afe137a835727) Importer(815301076,1909f56bfc062723c751e8b465ee728b)
Start importing Assets/Materials/Platformer/Level Design/pngegg.png using Guid(0e61133a8ea496b4fa1afe137a835727) Importer(815301076,1909f56bfc062723c751e8b465ee728b)  -> (artifact id: '66ae2dcd3a643ffea33f0567c8c7acf2') in 0.082595 seconds 
  Import took 0.085768 seconds .

========================================================================
Received Prepare
Registering precompiled user dll's ...
Registered in 0.003381 seconds.
Begin MonoManager ReloadAssembly
Native extension for WindowsStandalone target not found
Native extension for WebGL target not found
Refreshing native plugins compatible for Editor in 0.55 ms, found 3 plugins.
Preloading 0 native plugins for Editor in 0.00 ms.
Mono: successfully reloaded assembly
- Completed reload, in  0.817 seconds
Domain Reload Profiling:
	ReloadAssembly (818ms)
		BeginReloadAssembly (102ms)
			ExecutionOrderSort (0ms)
			DisableScriptedObjects (5ms)
			BackupInstance (0ms)
			ReleaseScriptingObjects (0ms)
			CreateAndSetChildDomain (29ms)
		EndReloadAssembly (661ms)
			LoadAssemblies (81ms)
			RebuildTransferFunctionScriptingTraits (0ms)
			SetupTypeCache (228ms)
			ReleaseScriptCaches (1ms)
			RebuildScriptCaches (36ms)
			SetupLoadedEditorAssemblies (241ms)
				LogAssemblyErrors (0ms)
				InitializePlatformSupportModulesInManaged (4ms)
				SetLoadedEditorAssemblies (0ms)
				RefreshPlugins (1ms)
				BeforeProcessingInitializeOnLoad (57ms)
				ProcessInitializeOnLoadAttributes (164ms)
				ProcessInitializeOnLoadMethodAttributes (9ms)
				AfterProcessingInitializeOnLoad (7ms)
				EditorAssembliesLoaded (0ms)
			ExecutionOrderSort2 (0ms)
			AwakeInstancesAfterBackupRestoration (7ms)
Platform modules already initialized, skipping
Refreshing native plugins compatible for Editor in 0.59 ms, found 3 plugins.
Preloading 0 native plugins for Editor in 0.00 ms.
Unloading 2197 Unused Serialized files (Serialized files now loaded: 0)
System memory in use before: 99.2 MB.
System memory in use after: 99.1 MB.

Unloading 20 unused Assets to reduce memory usage. Loaded Objects now: 2684.
Total: 2.806900 ms (FindLiveObjects: 0.198800 ms CreateObjectMapping: 0.060300 ms MarkObjects: 2.438800 ms  DeleteObjects: 0.108300 ms)

AssetImportParameters requested are different than current active one (requested -> active):
  custom:framework-win-MediaFoundation: 216162199b28c13a410421893ffa2e32 -> 
  custom:video-decoder-ogg-theora: a1e56fd34408186e4bbccfd4996cb3dc -> 
  custom:container-muxer-webm: aa71ff27fc2769a1b78a27578f13a17b -> 
  custom:container-demuxer-webm: 4f35f7cbe854078d1ac9338744f61a02 -> 
  custom:container-demuxer-ogg: 62fdf1f143b41e24485cea50d1cbac27 -> 
  custom:video-encoder-webm-vp8: eb34c28f22e8b96e1ab97ce403110664 -> 
  custom:video-codec-MediaFoundation-h265: 746d11721c4dcdbdad8f713fa42b33f4 -> 
  custom:video-decoder-webm-vp8: 9c59270c3fd7afecdb556c50c9e8de78 -> 
  custom:audio-decoder-ogg-vorbis: bf7c407c2cedff20999df2af8eb42d56 -> 
  custom:audio-encoder-webm-vorbis: bf7c407c2cedff20999df2af8eb42d56 -> 
========================================================================
Received Prepare
Registering precompiled user dll's ...
Registered in 0.003329 seconds.
Begin MonoManager ReloadAssembly
Native extension for WindowsStandalone target not found
Native extension for WebGL target not found
Refreshing native plugins compatible for Editor in 0.55 ms, found 3 plugins.
Preloading 0 native plugins for Editor in 0.00 ms.
Mono: successfully reloaded assembly
- Completed reload, in  0.821 seconds
Domain Reload Profiling:
	ReloadAssembly (821ms)
		BeginReloadAssembly (102ms)
			ExecutionOrderSort (0ms)
			DisableScriptedObjects (5ms)
			BackupInstance (0ms)
			ReleaseScriptingObjects (0ms)
			CreateAndSetChildDomain (29ms)
		EndReloadAssembly (665ms)
			LoadAssemblies (84ms)
			RebuildTransferFunctionScriptingTraits (0ms)
			SetupTypeCache (227ms)
			ReleaseScriptCaches (1ms)
			RebuildScriptCaches (34ms)
			SetupLoadedEditorAssemblies (243ms)
				LogAssemblyErrors (0ms)
				InitializePlatformSupportModulesInManaged (4ms)
				SetLoadedEditorAssemblies (0ms)
				RefreshPlugins (1ms)
				BeforeProcessingInitializeOnLoad (58ms)
				ProcessInitializeOnLoadAttributes (164ms)
				ProcessInitializeOnLoadMethodAttributes (9ms)
				AfterProcessingInitializeOnLoad (7ms)
				EditorAssembliesLoaded (0ms)
			ExecutionOrderSort2 (0ms)
			AwakeInstancesAfterBackupRestoration (7ms)
Platform modules already initialized, skipping
Refreshing native plugins compatible for Editor in 0.52 ms, found 3 plugins.
Preloading 0 native plugins for Editor in 0.00 ms.
Unloading 2197 Unused Serialized files (Serialized files now loaded: 0)
System memory in use before: 99.2 MB.
System memory in use after: 99.2 MB.

Unloading 20 unused Assets to reduce memory usage. Loaded Objects now: 2686.
Total: 3.025800 ms (FindLiveObjects: 0.188900 ms CreateObjectMapping: 0.049100 ms MarkObjects: 2.661400 ms  DeleteObjects: 0.125400 ms)

AssetImportParameters requested are different than current active one (requested -> active):
  custom:framework-win-MediaFoundation: 216162199b28c13a410421893ffa2e32 -> 
  custom:video-decoder-ogg-theora: a1e56fd34408186e4bbccfd4996cb3dc -> 
  custom:container-muxer-webm: aa71ff27fc2769a1b78a27578f13a17b -> 
  custom:container-demuxer-webm: 4f35f7cbe854078d1ac9338744f61a02 -> 
  custom:container-demuxer-ogg: 62fdf1f143b41e24485cea50d1cbac27 -> 
  custom:video-encoder-webm-vp8: eb34c28f22e8b96e1ab97ce403110664 -> 
  custom:video-codec-MediaFoundation-h265: 746d11721c4dcdbdad8f713fa42b33f4 -> 
  custom:video-decoder-webm-vp8: 9c59270c3fd7afecdb556c50c9e8de78 -> 
  custom:audio-decoder-ogg-vorbis: bf7c407c2cedff20999df2af8eb42d56 -> 
  custom:audio-encoder-webm-vorbis: bf7c407c2cedff20999df2af8eb42d56 -> 
========================================================================
Received Prepare
Registering precompiled user dll's ...
Registered in 0.003067 seconds.
Begin MonoManager ReloadAssembly
Native extension for WindowsStandalone target not found
Native extension for WebGL target not found
Refreshing native plugins compatible for Editor in 0.52 ms, found 3 plugins.
Preloading 0 native plugins for Editor in 0.00 ms.
Mono: successfully reloaded assembly
- Completed reload, in  0.819 seconds
Domain Reload Profiling:
	ReloadAssembly (819ms)
		BeginReloadAssembly (104ms)
			ExecutionOrderSort (0ms)
			DisableScriptedObjects (5ms)
			BackupInstance (0ms)
			ReleaseScriptingObjects (0ms)
			CreateAndSetChildDomain (31ms)
		EndReloadAssembly (661ms)
			LoadAssemblies (84ms)
			RebuildTransferFunctionScriptingTraits (0ms)
			SetupTypeCache (224ms)
			ReleaseScriptCaches (1ms)
			RebuildScriptCaches (34ms)
			SetupLoadedEditorAssemblies (244ms)
				LogAssemblyErrors (0ms)
				InitializePlatformSupportModulesInManaged (4ms)
				SetLoadedEditorAssemblies (0ms)
				RefreshPlugins (1ms)
				BeforeProcessingInitializeOnLoad (58ms)
				ProcessInitializeOnLoadAttributes (163ms)
				ProcessInitializeOnLoadMethodAttributes (9ms)
				AfterProcessingInitializeOnLoad (7ms)
				EditorAssembliesLoaded (0ms)
			ExecutionOrderSort2 (0ms)
			AwakeInstancesAfterBackupRestoration (7ms)
Platform modules already initialized, skipping
Refreshing native plugins compatible for Editor in 0.56 ms, found 3 plugins.
Preloading 0 native plugins for Editor in 0.00 ms.
Unloading 2197 Unused Serialized files (Serialized files now loaded: 0)
System memory in use before: 99.2 MB.
System memory in use after: 99.2 MB.

Unloading 20 unused Assets to reduce memory usage. Loaded Objects now: 2688.
Total: 3.324000 ms (FindLiveObjects: 0.225800 ms CreateObjectMapping: 0.200900 ms MarkObjects: 2.772300 ms  DeleteObjects: 0.124300 ms)

AssetImportParameters requested are different than current active one (requested -> active):
  custom:framework-win-MediaFoundation: 216162199b28c13a410421893ffa2e32 -> 
  custom:video-decoder-ogg-theora: a1e56fd34408186e4bbccfd4996cb3dc -> 
  custom:container-muxer-webm: aa71ff27fc2769a1b78a27578f13a17b -> 
  custom:container-demuxer-webm: 4f35f7cbe854078d1ac9338744f61a02 -> 
  custom:container-demuxer-ogg: 62fdf1f143b41e24485cea50d1cbac27 -> 
  custom:video-encoder-webm-vp8: eb34c28f22e8b96e1ab97ce403110664 -> 
  custom:video-codec-MediaFoundation-h265: 746d11721c4dcdbdad8f713fa42b33f4 -> 
  custom:video-decoder-webm-vp8: 9c59270c3fd7afecdb556c50c9e8de78 -> 
  custom:audio-decoder-ogg-vorbis: bf7c407c2cedff20999df2af8eb42d56 -> 
  custom:audio-encoder-webm-vorbis: bf7c407c2cedff20999df2af8eb42d56 -> 
========================================================================
Received Prepare
Registering precompiled user dll's ...
Registered in 0.003044 seconds.
Begin MonoManager ReloadAssembly
Native extension for WindowsStandalone target not found
Native extension for WebGL target not found
Refreshing native plugins compatible for Editor in 0.54 ms, found 3 plugins.
Preloading 0 native plugins for Editor in 0.00 ms.
Mono: successfully reloaded assembly
- Completed reload, in  0.808 seconds
Domain Reload Profiling:
	ReloadAssembly (808ms)
		BeginReloadAssembly (102ms)
			ExecutionOrderSort (0ms)
			DisableScriptedObjects (5ms)
			BackupInstance (0ms)
			ReleaseScriptingObjects (0ms)
			CreateAndSetChildDomain (29ms)
		EndReloadAssembly (653ms)
			LoadAssemblies (83ms)
			RebuildTransferFunctionScriptingTraits (0ms)
			SetupTypeCache (222ms)
			ReleaseScriptCaches (1ms)
			RebuildScriptCaches (34ms)
			SetupLoadedEditorAssemblies (241ms)
				LogAssemblyErrors (0ms)
				InitializePlatformSupportModulesInManaged (4ms)
				SetLoadedEditorAssemblies (0ms)
				RefreshPlugins (1ms)
				BeforeProcessingInitializeOnLoad (58ms)
				ProcessInitializeOnLoadAttributes (163ms)
				ProcessInitializeOnLoadMethodAttributes (8ms)
				AfterProcessingInitializeOnLoad (7ms)
				EditorAssembliesLoaded (0ms)
			ExecutionOrderSort2 (0ms)
			AwakeInstancesAfterBackupRestoration (7ms)
Platform modules already initialized, skipping
Refreshing native plugins compatible for Editor in 0.45 ms, found 3 plugins.
Preloading 0 native plugins for Editor in 0.00 ms.
Unloading 2197 Unused Serialized files (Serialized files now loaded: 0)
System memory in use before: 99.2 MB.
System memory in use after: 99.2 MB.

Unloading 20 unused Assets to reduce memory usage. Loaded Objects now: 2690.
Total: 2.865300 ms (FindLiveObjects: 0.191400 ms CreateObjectMapping: 0.057600 ms MarkObjects: 2.514800 ms  DeleteObjects: 0.100800 ms)

AssetImportParameters requested are different than current active one (requested -> active):
  custom:framework-win-MediaFoundation: 216162199b28c13a410421893ffa2e32 -> 
  custom:video-decoder-ogg-theora: a1e56fd34408186e4bbccfd4996cb3dc -> 
  custom:container-muxer-webm: aa71ff27fc2769a1b78a27578f13a17b -> 
  custom:container-demuxer-webm: 4f35f7cbe854078d1ac9338744f61a02 -> 
  custom:container-demuxer-ogg: 62fdf1f143b41e24485cea50d1cbac27 -> 
  custom:video-encoder-webm-vp8: eb34c28f22e8b96e1ab97ce403110664 -> 
  custom:video-codec-MediaFoundation-h265: 746d11721c4dcdbdad8f713fa42b33f4 -> 
  custom:video-decoder-webm-vp8: 9c59270c3fd7afecdb556c50c9e8de78 -> 
  custom:audio-decoder-ogg-vorbis: bf7c407c2cedff20999df2af8eb42d56 -> 
  custom:audio-encoder-webm-vorbis: bf7c407c2cedff20999df2af8eb42d56 -> 
AssetImportWorkerClient::OnTransportError - code=2 error=End of file
